0 info it worked if it ends with ok
1 verbose cli [ 'C:\\Program Files\\nodejs\\node.exe',
1 verbose cli   'C:\\Program Files\\nodejs\\node_modules\\npm\\bin\\npm-cli.js',
1 verbose cli   'run',
1 verbose cli   'start-win' ]
2 info using npm@3.10.10
3 info using node@v6.10.3
4 verbose run-script [ 'prestart-win', 'start-win', 'poststart-win' ]
5 info lifecycle login@1.0.0~prestart-win: login@1.0.0
6 silly lifecycle login@1.0.0~prestart-win: no script for prestart-win, continuing
7 info lifecycle login@1.0.0~start-win: login@1.0.0
8 verbose lifecycle login@1.0.0~start-win: unsafe-perm in lifecycle true
9 verbose lifecycle login@1.0.0~start-win: PATH: C:\Program Files\nodejs\node_modules\npm\bin\node-gyp-bin;D:\3W3D\homework\hw5helper\node_modules\.bin;C:\Program Files (x86)\EasyPHP-DevServer-14.1VC9\binaries\php\php_runningversion;C:\ProgramData\Oracle\Java\javapath;C:\Program Files (x86)\NVIDIA Corporation\PhysX\Common;C:\Program Files (x86)\Intel\iCLS Client\;C:\Program Files\Intel\iCLS Client\;C:\Program Files\Common Files\Microsoft Shared\Windows Live;C:\Program Files (x86)\Common Files\Microsoft Shared\Windows Live;C:\Windows\system32;C:\Windows;C:\Windows\System32\Wbem;C:\Windows\System32\WindowsPowerShell\v1.0\;C:\Program Files (x86)\Windows Live\Shared;C:\Program Files (x86)\EgisTec MyWinLocker\x64;C:\Program Files (x86)\EgisTec MyWinLocker\;C:\Program Files (x86)\Intel\OpenCL SDK\2.0\bin\x86;C:\Program Files (x86)\Intel\OpenCL SDK\2.0\bin\x64;C:\Program Files\Intel\Intel(R) Management Engine Components\DAL;C:\Program Files\Intel\Intel(R) Management Engine Components\IPT;C:\Program Files (x86)\Intel\Intel(R) Management Engine Components\DAL;C:\Program Files (x86)\Intel\Intel(R) Management Engine Components\IPT;C:\Program Files\Diskeeper Corporation\ExpressCache\%JAVA_HOME%\bin;C:\Program Files (x86)\Windows Kits\8.1\Windows Performance Toolkit\;C:\Program Files\Microsoft SQL Server\110\Tools\Binn\;C:\Program Files (x86)\Microsoft SDKs\TypeScript\1.0\;C:\Program Files\Java\jdk1.8.0_05\bin;C:\Program Files\MATLAB\R2014a\runtime\win64;C:\Program Files\MATLAB\R2014a\bin;C:\Python34;C:\Python34\Scripts;C:\Program Files\nodejs\;C:\Users\user\AppData\Roaming\npm
10 verbose lifecycle login@1.0.0~start-win: CWD: D:\3W3D\homework\hw5helper
11 silly lifecycle login@1.0.0~start-win: Args: [ '/d /s /c', 'node main-win.js' ]
12 silly lifecycle login@1.0.0~start-win: Returned: code: 3221225786  signal: null
13 info lifecycle login@1.0.0~start-win: Failed to exec start-win script
14 verbose stack Error: login@1.0.0 start-win: `node main-win.js`
14 verbose stack Exit status 3221225786
14 verbose stack     at EventEmitter.<anonymous> (C:\Program Files\nodejs\node_modules\npm\lib\utils\lifecycle.js:255:16)
14 verbose stack     at emitTwo (events.js:106:13)
14 verbose stack     at EventEmitter.emit (events.js:191:7)
14 verbose stack     at ChildProcess.<anonymous> (C:\Program Files\nodejs\node_modules\npm\lib\utils\spawn.js:40:14)
14 verbose stack     at emitTwo (events.js:106:13)
14 verbose stack     at ChildProcess.emit (events.js:191:7)
14 verbose stack     at maybeClose (internal/child_process.js:886:16)
14 verbose stack     at Process.ChildProcess._handle.onexit (internal/child_process.js:226:5)
15 verbose pkgid login@1.0.0
16 verbose cwd D:\3W3D\homework\hw5helper
17 error Windows_NT 6.1.7601
18 error argv "C:\\Program Files\\nodejs\\node.exe" "C:\\Program Files\\nodejs\\node_modules\\npm\\bin\\npm-cli.js" "run" "start-win"
19 error node v6.10.3
20 error npm  v3.10.10
21 error code ELIFECYCLE
22 error login@1.0.0 start-win: `node main-win.js`
22 error Exit status 3221225786
23 error Failed at the login@1.0.0 start-win script 'node main-win.js'.
23 error Make sure you have the latest version of node.js and npm installed.
23 error If you do, this is most likely a problem with the login package,
23 error not with npm itself.
23 error Tell the author that this fails on your system:
23 error     node main-win.js
23 error You can get information on how to open an issue for this project with:
23 error     npm bugs login
23 error Or if that isn't available, you can get their info via:
23 error     npm owner ls login
23 error There is likely additional logging output above.
24 verbose exit [ 1, true ]
